{"level":"info","ts":"2024-04-25T15:39:28.082+0800","caller":"backos/main.go:41","msg":"server start"}
{"level":"info","ts":"2024-04-25T15:39:28.083+0800","caller":"backos/main.go:41","msg":"Start Listening and serving HTTP on :10001"}
{"level":"info","ts":"2024-04-25T15:40:56.511+0800","caller":"backos/main.go:47","msg":"Shutdown Server ..."}
{"level":"info","ts":"2024-04-25T15:40:56.511+0800","caller":"backos/main.go:47","msg":"Destroy BigCache ..."}
{"level":"info","ts":"2024-04-25T15:40:56.512+0800","caller":"backos/main.go:47","msg":"Server exiting"}
{"level":"info","ts":"2024-04-25T16:09:47.232+0800","caller":"backos/main.go:41","msg":"server start"}
{"level":"info","ts":"2024-04-25T16:09:47.232+0800","caller":"backos/main.go:41","msg":"Start Listening and serving HTTP on :10001"}
{"level":"info","ts":"2024-04-25T16:10:49.905+0800","caller":"backos/main.go:47","msg":"Shutdown Server ..."}
{"level":"info","ts":"2024-04-25T16:10:49.905+0800","caller":"backos/main.go:47","msg":"Destroy BigCache ..."}
{"level":"info","ts":"2024-04-25T16:10:49.906+0800","caller":"backos/main.go:47","msg":"Server exiting"}
{"level":"info","ts":"2024-04-25T16:11:22.743+0800","caller":"backos/main.go:41","msg":"server start"}
{"level":"info","ts":"2024-04-25T16:11:22.743+0800","caller":"backos/main.go:41","msg":"Start Listening and serving HTTP on :10001"}
{"level":"info","ts":"2024-04-25T16:11:26.214+0800","caller":"backos/main.go:47","msg":"Shutdown Server ..."}
{"level":"info","ts":"2024-04-25T16:11:26.214+0800","caller":"backos/main.go:47","msg":"Destroy BigCache ..."}
{"level":"info","ts":"2024-04-25T16:11:26.215+0800","caller":"backos/main.go:47","msg":"Server exiting"}
{"level":"info","ts":"2024-04-25T16:11:50.092+0800","caller":"backos/main.go:41","msg":"server start"}
{"level":"info","ts":"2024-04-25T16:11:50.092+0800","caller":"backos/main.go:41","msg":"Start Listening and serving HTTP on :10001"}
{"level":"info","ts":"2024-04-25T16:11:52.906+0800","caller":"backos/main.go:47","msg":"Shutdown Server ..."}
{"level":"info","ts":"2024-04-25T16:11:52.906+0800","caller":"backos/main.go:47","msg":"Destroy BigCache ..."}
{"level":"info","ts":"2024-04-25T16:11:52.907+0800","caller":"backos/main.go:47","msg":"Server exiting"}
{"level":"info","ts":"2024-04-26T13:58:42.102+0800","caller":"backos/main.go:42","msg":"server start"}
{"level":"info","ts":"2024-04-26T13:58:42.108+0800","caller":"backos/main.go:42","msg":"Start Listening and serving HTTP on :10001"}
{"level":"info","ts":"2024-04-26T13:58:54.099+0800","caller":"backos/main.go:48","msg":"Shutdown Server ..."}
{"level":"info","ts":"2024-04-26T13:58:54.099+0800","caller":"backos/main.go:48","msg":"Destroy BigCache ..."}
{"level":"info","ts":"2024-04-26T13:58:54.101+0800","caller":"backos/main.go:48","msg":"Server exiting"}
{"level":"info","ts":"2024-04-26T16:13:14.946+0800","caller":"backos/main.go:42","msg":"server start"}
{"level":"info","ts":"2024-04-26T16:13:14.946+0800","caller":"backos/main.go:42","msg":"Start Listening and serving HTTP on :10001"}
{"level":"info","ts":"2024-04-26T16:16:17.067+0800","caller":"backos/main.go:48","msg":"Shutdown Server ..."}
{"level":"info","ts":"2024-04-26T16:16:17.067+0800","caller":"backos/main.go:48","msg":"Destroy BigCache ..."}
{"level":"info","ts":"2024-04-26T16:16:17.068+0800","caller":"backos/main.go:48","msg":"Server exiting"}
{"level":"info","ts":"2024-04-26T16:19:20.391+0800","caller":"backos/main.go:42","msg":"server start"}
{"level":"info","ts":"2024-04-26T16:19:20.391+0800","caller":"backos/main.go:42","msg":"Start Listening and serving HTTP on :10001"}
{"level":"info","ts":"2024-04-26T16:23:35.638+0800","caller":"backos/main.go:48","msg":"Shutdown Server ..."}
{"level":"info","ts":"2024-04-26T16:23:35.638+0800","caller":"backos/main.go:48","msg":"Destroy BigCache ..."}
{"level":"info","ts":"2024-04-26T16:23:35.639+0800","caller":"backos/main.go:48","msg":"Server exiting"}
{"level":"info","ts":"2024-04-26T16:23:42.195+0800","caller":"backos/main.go:42","msg":"server start"}
{"level":"info","ts":"2024-04-26T16:23:42.195+0800","caller":"backos/main.go:42","msg":"Start Listening and serving HTTP on :10001"}
{"level":"info","ts":"2024-04-26T16:28:11.547+0800","caller":"backos/main.go:48","msg":"Shutdown Server ..."}
{"level":"info","ts":"2024-04-26T16:28:11.547+0800","caller":"backos/main.go:48","msg":"Destroy BigCache ..."}
{"level":"info","ts":"2024-04-26T16:28:11.548+0800","caller":"backos/main.go:48","msg":"Server exiting"}
{"level":"info","ts":"2024-04-26T16:28:17.478+0800","caller":"backos/main.go:42","msg":"server start"}
{"level":"info","ts":"2024-04-26T16:28:17.478+0800","caller":"backos/main.go:42","msg":"Start Listening and serving HTTP on :10001"}
{"level":"info","ts":"2024-04-26T16:31:54.196+0800","caller":"backos/main.go:48","msg":"Shutdown Server ..."}
{"level":"info","ts":"2024-04-26T16:31:54.196+0800","caller":"backos/main.go:48","msg":"Destroy BigCache ..."}
{"level":"info","ts":"2024-04-26T16:31:54.197+0800","caller":"backos/main.go:48","msg":"Server exiting"}
{"level":"info","ts":"2024-04-26T16:31:59.416+0800","caller":"backos/main.go:42","msg":"server start"}
{"level":"info","ts":"2024-04-26T16:31:59.416+0800","caller":"backos/main.go:42","msg":"Start Listening and serving HTTP on :10001"}
{"level":"info","ts":"2024-04-26T16:52:06.482+0800","caller":"backos/main.go:48","msg":"Shutdown Server ..."}
{"level":"info","ts":"2024-04-26T16:52:06.482+0800","caller":"backos/main.go:48","msg":"Destroy BigCache ..."}
{"level":"info","ts":"2024-04-26T16:52:06.482+0800","caller":"backos/main.go:48","msg":"Server exiting"}
{"level":"info","ts":"2024-04-26T16:52:11.171+0800","caller":"backos/main.go:42","msg":"server start"}
{"level":"info","ts":"2024-04-26T16:52:11.171+0800","caller":"backos/main.go:42","msg":"Start Listening and serving HTTP on :10001"}
{"level":"info","ts":"2024-04-26T17:09:27.689+0800","caller":"backos/main.go:48","msg":"Shutdown Server ..."}
{"level":"info","ts":"2024-04-26T17:09:27.689+0800","caller":"backos/main.go:48","msg":"Destroy BigCache ..."}
{"level":"info","ts":"2024-04-26T17:09:27.690+0800","caller":"backos/main.go:48","msg":"Server exiting"}
{"level":"info","ts":"2024-04-26T17:09:34.037+0800","caller":"backos/main.go:42","msg":"server start"}
{"level":"info","ts":"2024-04-26T17:09:34.040+0800","caller":"backos/main.go:42","msg":"Start Listening and serving HTTP on :10001"}
{"level":"info","ts":"2024-04-26T17:12:51.762+0800","caller":"backos/main.go:48","msg":"Shutdown Server ..."}
{"level":"info","ts":"2024-04-26T17:12:51.762+0800","caller":"backos/main.go:48","msg":"Destroy BigCache ..."}
{"level":"info","ts":"2024-04-26T17:12:51.763+0800","caller":"backos/main.go:48","msg":"Server exiting"}
{"level":"info","ts":"2024-04-26T17:12:59.148+0800","caller":"backos/main.go:42","msg":"server start"}
{"level":"info","ts":"2024-04-26T17:12:59.148+0800","caller":"backos/main.go:42","msg":"Start Listening and serving HTTP on :10001"}
{"level":"info","ts":"2024-04-28T10:34:37.045+0800","caller":"backos/main.go:48","msg":"Shutdown Server ..."}
{"level":"info","ts":"2024-04-28T10:34:37.076+0800","caller":"backos/main.go:48","msg":"Destroy BigCache ..."}
{"level":"info","ts":"2024-04-28T10:34:37.085+0800","caller":"backos/main.go:48","msg":"Server exiting"}
{"level":"info","ts":"2024-04-28T10:35:17.998+0800","caller":"backos/main.go:42","msg":"server start"}
{"level":"info","ts":"2024-04-28T10:35:17.998+0800","caller":"backos/main.go:42","msg":"Start Listening and serving HTTP on :10001"}
{"level":"info","ts":"2024-04-28T13:09:56.183+0800","caller":"backos/main.go:48","msg":"Shutdown Server ..."}
{"level":"info","ts":"2024-04-28T13:09:56.183+0800","caller":"backos/main.go:48","msg":"Destroy BigCache ..."}
{"level":"info","ts":"2024-04-28T13:09:56.184+0800","caller":"backos/main.go:48","msg":"Server exiting"}
{"level":"info","ts":"2024-04-28T13:10:01.154+0800","caller":"backos/main.go:42","msg":"server start"}
{"level":"info","ts":"2024-04-28T13:10:01.154+0800","caller":"backos/main.go:42","msg":"Start Listening and serving HTTP on :10001"}
{"level":"info","ts":"2024-04-28T13:10:21.921+0800","caller":"backos/main.go:48","msg":"Shutdown Server ..."}
{"level":"info","ts":"2024-04-28T13:10:21.921+0800","caller":"backos/main.go:48","msg":"Destroy BigCache ..."}
{"level":"info","ts":"2024-04-28T13:10:21.922+0800","caller":"backos/main.go:48","msg":"Server exiting"}
{"level":"info","ts":"2024-04-28T13:10:28.337+0800","caller":"backos/main.go:42","msg":"server start"}
{"level":"info","ts":"2024-04-28T13:10:28.337+0800","caller":"backos/main.go:42","msg":"Start Listening and serving HTTP on :10001"}
{"level":"info","ts":"2024-04-28T17:21:44.603+0800","caller":"backos/main.go:48","msg":"Shutdown Server ..."}
{"level":"info","ts":"2024-04-28T17:21:44.603+0800","caller":"backos/main.go:48","msg":"Destroy BigCache ..."}
{"level":"info","ts":"2024-04-28T17:21:44.604+0800","caller":"backos/main.go:48","msg":"Server exiting"}
{"level":"info","ts":"2024-04-28T17:27:09.249+0800","caller":"backos/main.go:43","msg":"server start"}
{"level":"info","ts":"2024-04-28T17:27:09.249+0800","caller":"backos/main.go:43","msg":"Start Listening and serving HTTP on :10001"}
{"level":"error","ts":"2024-04-28T17:28:20.778+0800","caller":"service/accountFunctions.go:61","msg":"Error 1146 (42S02): Table 'peixun.account' doesn't exist"}
{"level":"error","ts":"2024-04-28T17:28:20.778+0800","caller":"service/banService.go:39","msg":"redigo: nil returned"}
{"level":"error","ts":"2024-04-28T17:28:33.131+0800","caller":"accounts/entrypoint.go:26","msg":"验证码不存在或已失效"}
{"level":"error","ts":"2024-04-28T17:28:52.541+0800","caller":"service/accountFunctions.go:61","msg":"Error 1146 (42S02): Table 'peixun.account' doesn't exist"}
{"level":"info","ts":"2024-04-29T09:34:36.018+0800","caller":"backos/main.go:49","msg":"Shutdown Server ..."}
{"level":"info","ts":"2024-04-29T09:34:36.019+0800","caller":"backos/main.go:49","msg":"Destroy BigCache ..."}
{"level":"info","ts":"2024-04-29T09:34:36.020+0800","caller":"backos/main.go:49","msg":"Server exiting"}
{"level":"info","ts":"2024-04-29T09:35:06.544+0800","caller":"backos/main.go:43","msg":"server start"}
{"level":"info","ts":"2024-04-29T09:35:06.544+0800","caller":"backos/main.go:43","msg":"Start Listening and serving HTTP on :10001"}
{"level":"info","ts":"2024-04-29T09:35:12.777+0800","caller":"backos/main.go:49","msg":"Shutdown Server ..."}
{"level":"info","ts":"2024-04-29T09:35:12.778+0800","caller":"backos/main.go:49","msg":"Destroy BigCache ..."}
{"level":"info","ts":"2024-04-29T09:35:12.778+0800","caller":"backos/main.go:49","msg":"Server exiting"}
